[23:53:12.738][INFO][o.a.k.clients.consumer.ConsumerConfig][main] ConsumerConfig values: 
	allow.auto.create.topics = true
	auto.commit.interval.ms = 1000
	auto.offset.reset = earliest
	bootstrap.servers = [127.0.0.1:9092]
	check.crcs = true
	client.dns.lookup = default
	client.id = 
	client.rack = 
	connections.max.idle.ms = 540000
	default.api.timeout.ms = 60000
	enable.auto.commit = true
	exclude.internal.topics = true
	fetch.max.bytes = 52428800
	fetch.max.wait.ms = 500
	fetch.min.bytes = 1
	group.id = gp-test-group
	group.instance.id = null
	heartbeat.interval.ms = 3000
	interceptor.classes = []
	internal.leave.group.on.close = true
	isolation.level = read_uncommitted
	key.deserializer = class org.apache.kafka.common.serialization.StringDeserializer
	max.partition.fetch.bytes = 1048576
	max.poll.interval.ms = 300000
	max.poll.records = 500
	metadata.max.age.ms = 300000
	metric.reporters = []
	metrics.num.samples = 2
	metrics.recording.level = INFO
	metrics.sample.window.ms = 30000
	partition.assignment.strategy = [class org.apache.kafka.clients.consumer.RangeAssignor]
	receive.buffer.bytes = 65536
	reconnect.backoff.max.ms = 1000
	reconnect.backoff.ms = 50
	request.timeout.ms = 30000
	retry.backoff.ms = 100
	sasl.client.callback.handler.class = null
	sasl.jaas.config = null
	sasl.kerberos.kinit.cmd = /usr/bin/kinit
	sasl.kerberos.min.time.before.relogin = 60000
	sasl.kerberos.service.name = null
	sasl.kerberos.ticket.renew.jitter = 0.05
	sasl.kerberos.ticket.renew.window.factor = 0.8
	sasl.login.callback.handler.class = null
	sasl.login.class = null
	sasl.login.refresh.buffer.seconds = 300
	sasl.login.refresh.min.period.seconds = 60
	sasl.login.refresh.window.factor = 0.8
	sasl.login.refresh.window.jitter = 0.05
	sasl.mechanism = GSSAPI
	security.protocol = PLAINTEXT
	security.providers = null
	send.buffer.bytes = 131072
	session.timeout.ms = 10000
	ssl.cipher.suites = null
	ssl.enabled.protocols = [TLSv1.2]
	ssl.endpoint.identification.algorithm = https
	ssl.key.password = null
	ssl.keymanager.algorithm = SunX509
	ssl.keystore.location = null
	ssl.keystore.password = null
	ssl.keystore.type = JKS
	ssl.protocol = TLSv1.2
	ssl.provider = null
	ssl.secure.random.implementation = null
	ssl.trustmanager.algorithm = PKIX
	ssl.truststore.location = null
	ssl.truststore.password = null
	ssl.truststore.type = JKS
	value.deserializer = class org.apache.kafka.common.serialization.StringDeserializer

[23:53:13.259][INFO][o.a.kafka.common.utils.AppInfoParser][main] Kafka version: 2.5.0
[23:53:13.261][INFO][o.a.kafka.common.utils.AppInfoParser][main] Kafka commitId: 66563e712b0b9f84
[23:53:13.261][INFO][o.a.kafka.common.utils.AppInfoParser][main] Kafka startTimeMs: 1604591593255
[23:53:13.265][INFO][o.a.kafka.clients.consumer.KafkaConsumer][main] [Consumer clientId=consumer-gp-test-group-1, groupId=gp-test-group] Subscribed to topic(s): gptest
[23:53:14.013][INFO][org.apache.kafka.clients.Metadata][main] [Consumer clientId=consumer-gp-test-group-1, groupId=gp-test-group] Cluster ID: B34j1TmZTtGculYYSHtzZA
[23:53:14.015][INFO][o.a.k.c.c.internals.AbstractCoordinator][main] [Consumer clientId=consumer-gp-test-group-1, groupId=gp-test-group] Discovered group coordinator localhost:9092 (id: 2147483646 rack: null)
[23:53:14.026][INFO][o.a.k.c.c.internals.AbstractCoordinator][main] [Consumer clientId=consumer-gp-test-group-1, groupId=gp-test-group] (Re-)joining group
[23:53:14.050][INFO][o.a.k.c.c.internals.AbstractCoordinator][main] [Consumer clientId=consumer-gp-test-group-1, groupId=gp-test-group] Join group failed with org.apache.kafka.common.errors.MemberIdRequiredException: The group member needs to have a valid member id before actually entering a consumer group
[23:53:14.051][INFO][o.a.k.c.c.internals.AbstractCoordinator][main] [Consumer clientId=consumer-gp-test-group-1, groupId=gp-test-group] (Re-)joining group
[23:53:14.073][INFO][o.a.k.c.c.internals.ConsumerCoordinator][main] [Consumer clientId=consumer-gp-test-group-1, groupId=gp-test-group] Finished assignment for group at generation 3: {consumer-gp-test-group-1-41b6f27b-adff-473e-b701-b33987a291eb=Assignment(partitions=[gptest-0])}
[23:53:14.094][INFO][o.a.k.c.c.internals.AbstractCoordinator][main] [Consumer clientId=consumer-gp-test-group-1, groupId=gp-test-group] Successfully joined group with generation 3
[23:53:14.107][INFO][o.a.k.c.c.internals.ConsumerCoordinator][main] [Consumer clientId=consumer-gp-test-group-1, groupId=gp-test-group] Adding newly assigned partitions: gptest-0
[23:53:14.144][INFO][o.a.k.c.c.internals.ConsumerCoordinator][main] [Consumer clientId=consumer-gp-test-group-1, groupId=gp-test-group] Setting offset for partition gptest-0 to the committed offset FetchPosition{offset=10, offsetEpoch=Optional[0], currentLeader=LeaderAndEpoch{leader=Optional[localhost:9092 (id: 1 rack: null)], epoch=0}}
[23:53:28.428][INFO][o.a.k.clients.producer.ProducerConfig][main] ProducerConfig values: 
	acks = 1
	batch.size = 16384
	bootstrap.servers = [127.0.0.1:9092]
	buffer.memory = 33554432
	client.dns.lookup = default
	client.id = producer-1
	compression.type = none
	connections.max.idle.ms = 540000
	delivery.timeout.ms = 120000
	enable.idempotence = false
	interceptor.classes = []
	key.serializer = class org.apache.kafka.common.serialization.StringSerializer
	linger.ms = 5
	max.block.ms = 3000
	max.in.flight.requests.per.connection = 5
	max.request.size = 1048576
	metadata.max.age.ms = 300000
	metadata.max.idle.ms = 300000
	metric.reporters = []
	metrics.num.samples = 2
	metrics.recording.level = INFO
	metrics.sample.window.ms = 30000
	partitioner.class = class org.apache.kafka.clients.producer.internals.DefaultPartitioner
	receive.buffer.bytes = 32768
	reconnect.backoff.max.ms = 1000
	reconnect.backoff.ms = 50
	request.timeout.ms = 30000
	retries = 3
	retry.backoff.ms = 100
	sasl.client.callback.handler.class = null
	sasl.jaas.config = null
	sasl.kerberos.kinit.cmd = /usr/bin/kinit
	sasl.kerberos.min.time.before.relogin = 60000
	sasl.kerberos.service.name = null
	sasl.kerberos.ticket.renew.jitter = 0.05
	sasl.kerberos.ticket.renew.window.factor = 0.8
	sasl.login.callback.handler.class = null
	sasl.login.class = null
	sasl.login.refresh.buffer.seconds = 300
	sasl.login.refresh.min.period.seconds = 60
	sasl.login.refresh.window.factor = 0.8
	sasl.login.refresh.window.jitter = 0.05
	sasl.mechanism = GSSAPI
	security.protocol = PLAINTEXT
	security.providers = null
	send.buffer.bytes = 131072
	ssl.cipher.suites = null
	ssl.enabled.protocols = [TLSv1.2]
	ssl.endpoint.identification.algorithm = https
	ssl.key.password = null
	ssl.keymanager.algorithm = SunX509
	ssl.keystore.location = null
	ssl.keystore.password = null
	ssl.keystore.type = JKS
	ssl.protocol = TLSv1.2
	ssl.provider = null
	ssl.secure.random.implementation = null
	ssl.trustmanager.algorithm = PKIX
	ssl.truststore.location = null
	ssl.truststore.password = null
	ssl.truststore.type = JKS
	transaction.timeout.ms = 60000
	transactional.id = null
	value.serializer = class org.apache.kafka.common.serialization.StringSerializer

[23:53:28.876][INFO][o.a.kafka.common.utils.AppInfoParser][main] Kafka version: 2.5.0
[23:53:28.881][INFO][o.a.kafka.common.utils.AppInfoParser][main] Kafka commitId: 66563e712b0b9f84
[23:53:28.882][INFO][o.a.kafka.common.utils.AppInfoParser][main] Kafka startTimeMs: 1604591608867
[23:53:29.383][INFO][org.apache.kafka.clients.Metadata][kafka-producer-network-thread | producer-1] [Producer clientId=producer-1] Cluster ID: B34j1TmZTtGculYYSHtzZA
[23:53:29.404][INFO][o.a.kafka.clients.producer.KafkaProducer][main] [Producer clientId=producer-1] Closing the Kafka producer with timeoutMillis = 9223372036854775807 ms.
